2026-01-05 18:03:03 [ERROR]: Error verifying flash message visibility: Error: [2mexpect([22m[31mlocator[39m[2m).[22mtoBeVisible[2m([22m[2m)[22m failed

Locator: getByText('You logged into a secure area!')
Expected: visible
Timeout: 5000ms
Error: element(s) not found

Call log:
[2m  - Expect "toBeVisible" with timeout 5000ms[22m
[2m  - waiting for getByText('You logged into a secure area!')[22m

2026-01-05 18:07:31 [ERROR]: Error verifying flash message text: Error: [2mexpect([22m[31mlocator[39m[2m).[22mtoContainText[2m([22m[32mexpected[39m[2m)[22m failed

Locator: locator('#flash')
Timeout: 5000ms
[32m- Expected substring  - 1[39m
[31m+ Received string     + 4[39m

[32m- You logged into a secure area![39m
[31m+[39m
[31m+             Your username is invalid![39m
[31m+             ×[39m
[31m+ [43m          [49m[39m

Call log:
[2m  - Expect "toContainText" with timeout 5000ms[22m
[2m  - waiting for locator('#flash')[22m
[2m    9 × locator resolved to <div id="flash" data-alert="" class="flash error">…</div>[22m
[2m      - unexpected value "[22m
[2m            Your username is invalid![22m
[2m            ×[22m
[2m          "[22m

2026-01-05 18:07:31 [ERROR]: Error verifying flash message text: Error: [2mexpect([22m[31mlocator[39m[2m).[22mtoContainText[2m([22m[32mexpected[39m[2m)[22m failed

Locator: locator('#flash')
Timeout: 5000ms
[32m- Expected substring  - 1[39m
[31m+ Received string     + 4[39m

[32m- You logged into a secure area![39m
[31m+[39m
[31m+             Your username is invalid![39m
[31m+             ×[39m
[31m+ [43m          [49m[39m

Call log:
[2m  - Expect "toContainText" with timeout 5000ms[22m
[2m  - waiting for locator('#flash')[22m
[2m    9 × locator resolved to <div id="flash" data-alert="" class="flash error">…</div>[22m
[2m      - unexpected value "[22m
[2m            Your username is invalid![22m
[2m            ×[22m
[2m          "[22m

2026-01-05 18:08:05 [ERROR]: Error verifying flash message text: Error: [2mexpect([22m[31mlocator[39m[2m).[22mtoContainText[2m([22m[32mexpected[39m[2m)[22m failed

Locator: locator('#flash')
Timeout: 5000ms
[32m- Expected substring  - 1[39m
[31m+ Received string     + 4[39m

[32m- You logged into a secure area![39m
[31m+[39m
[31m+             Your username is invalid![39m
[31m+             ×[39m
[31m+ [43m          [49m[39m

Call log:
[2m  - Expect "toContainText" with timeout 5000ms[22m
[2m  - waiting for locator('#flash')[22m
[2m    9 × locator resolved to <div id="flash" data-alert="" class="flash error">…</div>[22m
[2m      - unexpected value "[22m
[2m            Your username is invalid![22m
[2m            ×[22m
[2m          "[22m

2026-01-05 18:09:37 [ERROR]: Error verifying flash message text: Error: [2mexpect([22m[31mlocator[39m[2m).[22mtoContainText[2m([22m[32mexpected[39m[2m)[22m failed

Locator: locator('#flash')
Timeout: 5000ms
[32m- Expected substring  - 1[39m
[31m+ Received string     + 4[39m

[32m- You logged into a secure area![39m
[31m+[39m
[31m+             Your username is invalid![39m
[31m+             ×[39m
[31m+ [43m          [49m[39m

Call log:
[2m  - Expect "toContainText" with timeout 5000ms[22m
[2m  - waiting for locator('#flash')[22m
[2m    9 × locator resolved to <div id="flash" data-alert="" class="flash error">…</div>[22m
[2m      - unexpected value "[22m
[2m            Your username is invalid![22m
[2m            ×[22m
[2m          "[22m

2026-01-05 18:09:37 [ERROR]: Error verifying flash message text: [object Promise]
2026-01-05 18:13:39 [ERROR]: Error verifying flash message text: Error: [2mexpect([22m[31mlocator[39m[2m).[22mtoContainText[2m([22m[32mexpected[39m[2m)[22m failed

Locator: locator('#flash')
Timeout: 5000ms
[32m- Expected substring  - 1[39m
[31m+ Received string     + 4[39m

[32m- You logged into a secure area![39m
[31m+[39m
[31m+             Your username is invalid![39m
[31m+             ×[39m
[31m+ [43m          [49m[39m

Call log:
[2m  - Expect "toContainText" with timeout 5000ms[22m
[2m  - waiting for locator('#flash')[22m
[2m    9 × locator resolved to <div id="flash" data-alert="" class="flash error">…</div>[22m
[2m      - unexpected value "[22m
[2m            Your username is invalid![22m
[2m            ×[22m
[2m          "[22m

2026-01-05 18:40:23 [ERROR]: Error verifying flash message (Your username is invalid!): Error: [2mexpect([22m[31mlocator[39m[2m).[22mtoBeVisible[2m([22m[2m)[22m failed

Locator: Your username is invalid!
Expected: visible
Error: Unexpected token "!" while parsing css selector "Your username is invalid!". Did you mean to CSS.escape it?

Call log:
[2m  - Expect "toBeVisible" with timeout 5000ms[22m
[2m  - waiting for Your username is invalid![22m

2026-01-05 18:41:44 [ERROR]: Error verifying flash message (Your username is invalid!): Error: [2mexpect([22m[31mlocator[39m[2m).[22mtoBeVisible[2m([22m[2m)[22m failed

Locator: Your username is invalid!
Expected: visible
Error: Unexpected token "!" while parsing css selector "Your username is invalid!". Did you mean to CSS.escape it?

Call log:
[2m  - Expect "toBeVisible" with timeout 10000ms[22m
[2m  - waiting for Your username is invalid![22m

2026-01-05 18:43:05 [ERROR]: Error verifying flash message (Your username is invalid!): Error: [2mexpect([22m[31mlocator[39m[2m).[22mtoBeVisible[2m([22m[2m)[22m failed

Locator: Your username is invalid!
Expected: visible
Error: Unexpected token "!" while parsing css selector "Your username is invalid!". Did you mean to CSS.escape it?

Call log:
[2m  - Expect "toBeVisible" with timeout 10000ms[22m
[2m  - waiting for Your username is invalid![22m

2026-01-05 19:00:01 [ERROR]: Error verifying flash message (Your username is invalid!): Error: [2mexpect([22m[31mlocator[39m[2m).[22mtoContainText[2m([22m[32mexpected[39m[2m)[22m failed

Locator: locator('#flash')
Timeout: 5000ms
[32m- Expected substring  - 1[39m
[31m+ Received string     + 4[39m

[32m- Your username is invalid![39m
[31m+[39m
[31m+             Your password is invalid![39m
[31m+             ×[39m
[31m+ [43m          [49m[39m

Call log:
[2m  - Expect "toContainText" with timeout 5000ms[22m
[2m  - waiting for locator('#flash')[22m
[2m    9 × locator resolved to <div id="flash" data-alert="" class="flash error">…</div>[22m
[2m      - unexpected value "[22m
[2m            Your password is invalid![22m
[2m            ×[22m
[2m          "[22m

2026-01-05 19:00:13 [ERROR]: Error verifying flash message (Your username is invalid!): Error: [2mexpect([22m[31mlocator[39m[2m).[22mtoContainText[2m([22m[32mexpected[39m[2m)[22m failed

Locator: locator('#flash')
Timeout: 5000ms
[32m- Expected substring  - 1[39m
[31m+ Received string     + 4[39m

[32m- Your username is invalid![39m
[31m+[39m
[31m+             Your password is invalid![39m
[31m+             ×[39m
[31m+ [43m          [49m[39m

Call log:
[2m  - Expect "toContainText" with timeout 5000ms[22m
[2m  - waiting for locator('#flash')[22m
[2m    9 × locator resolved to <div id="flash" data-alert="" class="flash error">…</div>[22m
[2m      - unexpected value "[22m
[2m            Your password is invalid![22m
[2m            ×[22m
[2m          "[22m

2026-01-05 19:00:31 [ERROR]: Error verifying flash message (Your username is invalid!): Error: [2mexpect([22m[31mlocator[39m[2m).[22mtoContainText[2m([22m[32mexpected[39m[2m)[22m failed

Locator: locator('#flash')
Timeout: 5000ms
[32m- Expected substring  - 1[39m
[31m+ Received string     + 4[39m

[32m- Your username is invalid![39m
[31m+[39m
[31m+             Your password is invalid![39m
[31m+             ×[39m
[31m+ [43m          [49m[39m

Call log:
[2m  - Expect "toContainText" with timeout 5000ms[22m
[2m  - waiting for locator('#flash')[22m
[2m    9 × locator resolved to <div id="flash" data-alert="" class="flash error">…</div>[22m
[2m      - unexpected value "[22m
[2m            Your password is invalid![22m
[2m            ×[22m
[2m          "[22m

2026-01-05 19:00:43 [ERROR]: Error verifying flash message (Your username is invalid!): Error: [2mexpect([22m[31mlocator[39m[2m).[22mtoContainText[2m([22m[32mexpected[39m[2m)[22m failed

Locator: locator('#flash')
Timeout: 5000ms
[32m- Expected substring  - 1[39m
[31m+ Received string     + 4[39m

[32m- Your username is invalid![39m
[31m+[39m
[31m+             Your password is invalid![39m
[31m+             ×[39m
[31m+ [43m          [49m[39m

Call log:
[2m  - Expect "toContainText" with timeout 5000ms[22m
[2m  - waiting for locator('#flash')[22m
[2m    9 × locator resolved to <div id="flash" data-alert="" class="flash error">…</div>[22m
[2m      - unexpected value "[22m
[2m            Your password is invalid![22m
[2m            ×[22m
[2m          "[22m

2026-01-05 19:28:35 [ERROR]: Error verifying flash message (You logged into a secure area!): Error: [2mexpect([22m[31mlocator[39m[2m).[22mtoContainText[2m([22m[32mexpected[39m[2m)[22m failed

Locator: locator('#flash')
Timeout: 5000ms
[32m- Expected substring  - 1[39m
[31m+ Received string     + 4[39m

[32m- You logged into a secure area![39m
[31m+[39m
[31m+             Your password is invalid![39m
[31m+             ×[39m
[31m+ [43m          [49m[39m

Call log:
[2m  - Expect "toContainText" with timeout 5000ms[22m
[2m  - waiting for locator('#flash')[22m
[2m    9 × locator resolved to <div id="flash" data-alert="" class="flash error">…</div>[22m
[2m      - unexpected value "[22m
[2m            Your password is invalid![22m
[2m            ×[22m
[2m          "[22m

2026-01-05 19:28:48 [ERROR]: Error verifying flash message (You logged into a secure area!): Error: [2mexpect([22m[31mlocator[39m[2m).[22mtoContainText[2m([22m[32mexpected[39m[2m)[22m failed

Locator: locator('#flash')
Timeout: 5000ms
[32m- Expected substring  - 1[39m
[31m+ Received string     + 4[39m

[32m- You logged into a secure area![39m
[31m+[39m
[31m+             Your password is invalid![39m
[31m+             ×[39m
[31m+ [43m          [49m[39m

Call log:
[2m  - Expect "toContainText" with timeout 5000ms[22m
[2m  - waiting for locator('#flash')[22m
[2m    9 × locator resolved to <div id="flash" data-alert="" class="flash error">…</div>[22m
[2m      - unexpected value "[22m
[2m            Your password is invalid![22m
[2m            ×[22m
[2m          "[22m

2026-01-05 19:29:06 [ERROR]: Error verifying flash message (You logged into a secure area!): Error: [2mexpect([22m[31mlocator[39m[2m).[22mtoContainText[2m([22m[32mexpected[39m[2m)[22m failed

Locator: locator('#flash')
Timeout: 5000ms
[32m- Expected substring  - 1[39m
[31m+ Received string     + 4[39m

[32m- You logged into a secure area![39m
[31m+[39m
[31m+             Your password is invalid![39m
[31m+             ×[39m
[31m+ [43m          [49m[39m

Call log:
[2m  - Expect "toContainText" with timeout 5000ms[22m
[2m  - waiting for locator('#flash')[22m
[2m    9 × locator resolved to <div id="flash" data-alert="" class="flash error">…</div>[22m
[2m      - unexpected value "[22m
[2m            Your password is invalid![22m
[2m            ×[22m
[2m          "[22m

2026-01-05 19:29:26 [ERROR]: Error verifying flash message (You logged into a secure area!): Error: [2mexpect([22m[31mlocator[39m[2m).[22mtoContainText[2m([22m[32mexpected[39m[2m)[22m failed

Locator: locator('#flash')
Timeout: 5000ms
[32m- Expected substring  - 1[39m
[31m+ Received string     + 4[39m

[32m- You logged into a secure area![39m
[31m+[39m
[31m+             Your password is invalid![39m
[31m+             ×[39m
[31m+ [43m          [49m[39m

Call log:
[2m  - Expect "toContainText" with timeout 5000ms[22m
[2m  - waiting for locator('#flash')[22m
[2m    9 × locator resolved to <div id="flash" data-alert="" class="flash error">…</div>[22m
[2m      - unexpected value "[22m
[2m            Your password is invalid![22m
[2m            ×[22m
[2m          "[22m

2026-01-05 19:32:17 [ERROR]: Error verifying flash message (You logged into a secure area!): Error: [2mexpect([22m[31mlocator[39m[2m).[22mtoContainText[2m([22m[32mexpected[39m[2m)[22m failed

Locator: locator('#flash')
Timeout: 5000ms
[32m- Expected substring  - 1[39m
[31m+ Received string     + 4[39m

[32m- You logged into a secure area![39m
[31m+[39m
[31m+             Your username is invalid![39m
[31m+             ×[39m
[31m+ [43m          [49m[39m

Call log:
[2m  - Expect "toContainText" with timeout 5000ms[22m
[2m  - waiting for locator('#flash')[22m
[2m    9 × locator resolved to <div id="flash" data-alert="" class="flash error">…</div>[22m
[2m      - unexpected value "[22m
[2m            Your username is invalid![22m
[2m            ×[22m
[2m          "[22m

2026-01-05 19:32:18 [ERROR]: Error verifying flash message (Your password is invalid!): Error: [2mexpect([22m[31mlocator[39m[2m).[22mtoContainText[2m([22m[32mexpected[39m[2m)[22m failed

Locator: locator('#flash')
Timeout: 5000ms
[32m- Expected substring  - 1[39m
[31m+ Received string     + 4[39m

[32m- Your password is invalid![39m
[31m+[39m
[31m+             Your username is invalid![39m
[31m+             ×[39m
[31m+ [43m          [49m[39m

Call log:
[2m  - Expect "toContainText" with timeout 5000ms[22m
[2m  - waiting for locator('#flash')[22m
[2m    9 × locator resolved to <div id="flash" data-alert="" class="flash error">…</div>[22m
[2m      - unexpected value "[22m
[2m            Your username is invalid![22m
[2m            ×[22m
[2m          "[22m

2026-01-05 19:32:32 [ERROR]: Error verifying flash message (Your password is invalid!): Error: [2mexpect([22m[31mlocator[39m[2m).[22mtoContainText[2m([22m[32mexpected[39m[2m)[22m failed

Locator: locator('#flash')
Timeout: 5000ms
[32m- Expected substring  - 1[39m
[31m+ Received string     + 4[39m

[32m- Your password is invalid![39m
[31m+[39m
[31m+             Your username is invalid![39m
[31m+             ×[39m
[31m+ [43m          [49m[39m

Call log:
[2m  - Expect "toContainText" with timeout 5000ms[22m
[2m  - waiting for locator('#flash')[22m
[2m    9 × locator resolved to <div id="flash" data-alert="" class="flash error">…</div>[22m
[2m      - unexpected value "[22m
[2m            Your username is invalid![22m
[2m            ×[22m
[2m          "[22m

2026-01-05 19:32:33 [ERROR]: Error verifying flash message (You logged into a secure area!): Error: [2mexpect([22m[31mlocator[39m[2m).[22mtoContainText[2m([22m[32mexpected[39m[2m)[22m failed

Locator: locator('#flash')
Timeout: 5000ms
[32m- Expected substring  - 1[39m
[31m+ Received string     + 4[39m

[32m- You logged into a secure area![39m
[31m+[39m
[31m+             Your username is invalid![39m
[31m+             ×[39m
[31m+ [43m          [49m[39m

Call log:
[2m  - Expect "toContainText" with timeout 5000ms[22m
[2m  - waiting for locator('#flash')[22m
[2m    9 × locator resolved to <div id="flash" data-alert="" class="flash error">…</div>[22m
[2m      - unexpected value "[22m
[2m            Your username is invalid![22m
[2m            ×[22m
[2m          "[22m

2026-01-05 19:32:52 [ERROR]: Error verifying flash message (Your password is invalid!): Error: [2mexpect([22m[31mlocator[39m[2m).[22mtoContainText[2m([22m[32mexpected[39m[2m)[22m failed

Locator: locator('#flash')
Timeout: 5000ms
[32m- Expected substring  - 1[39m
[31m+ Received string     + 4[39m

[32m- Your password is invalid![39m
[31m+[39m
[31m+             Your username is invalid![39m
[31m+             ×[39m
[31m+ [43m          [49m[39m

Call log:
[2m  - Expect "toContainText" with timeout 5000ms[22m
[2m  - waiting for locator('#flash')[22m
[2m    9 × locator resolved to <div id="flash" data-alert="" class="flash error">…</div>[22m
[2m      - unexpected value "[22m
[2m            Your username is invalid![22m
[2m            ×[22m
[2m          "[22m

2026-01-05 19:32:52 [ERROR]: Error verifying flash message (You logged into a secure area!): Error: [2mexpect([22m[31mlocator[39m[2m).[22mtoContainText[2m([22m[32mexpected[39m[2m)[22m failed

Locator: locator('#flash')
Timeout: 5000ms
[32m- Expected substring  - 1[39m
[31m+ Received string     + 4[39m

[32m- You logged into a secure area![39m
[31m+[39m
[31m+             Your username is invalid![39m
[31m+             ×[39m
[31m+ [43m          [49m[39m

Call log:
[2m  - Expect "toContainText" with timeout 5000ms[22m
[2m  - waiting for locator('#flash')[22m
[2m    9 × locator resolved to <div id="flash" data-alert="" class="flash error">…</div>[22m
[2m      - unexpected value "[22m
[2m            Your username is invalid![22m
[2m            ×[22m
[2m          "[22m

2026-01-05 19:33:12 [ERROR]: Error verifying flash message (You logged into a secure area!): Error: [2mexpect([22m[31mlocator[39m[2m).[22mtoContainText[2m([22m[32mexpected[39m[2m)[22m failed

Locator: locator('#flash')
Timeout: 5000ms
[32m- Expected substring  - 1[39m
[31m+ Received string     + 4[39m

[32m- You logged into a secure area![39m
[31m+[39m
[31m+             Your username is invalid![39m
[31m+             ×[39m
[31m+ [43m          [49m[39m

Call log:
[2m  - Expect "toContainText" with timeout 5000ms[22m
[2m  - waiting for locator('#flash')[22m
[2m    9 × locator resolved to <div id="flash" data-alert="" class="flash error">…</div>[22m
[2m      - unexpected value "[22m
[2m            Your username is invalid![22m
[2m            ×[22m
[2m          "[22m

2026-01-05 19:33:13 [ERROR]: Error verifying flash message (Your password is invalid!): Error: [2mexpect([22m[31mlocator[39m[2m).[22mtoContainText[2m([22m[32mexpected[39m[2m)[22m failed

Locator: locator('#flash')
Timeout: 5000ms
[32m- Expected substring  - 1[39m
[31m+ Received string     + 4[39m

[32m- Your password is invalid![39m
[31m+[39m
[31m+             Your username is invalid![39m
[31m+             ×[39m
[31m+ [43m          [49m[39m

Call log:
[2m  - Expect "toContainText" with timeout 5000ms[22m
[2m  - waiting for locator('#flash')[22m
[2m    9 × locator resolved to <div id="flash" data-alert="" class="flash error">…</div>[22m
[2m      - unexpected value "[22m
[2m            Your username is invalid![22m
[2m            ×[22m
[2m          "[22m

